# JRE version: OpenJDK Runtime Environment Microsoft-32931 (17.0.3+7) (build 17.0.3+7-LTS)
# Java VM: OpenJDK 64-Bit Server VM Microsoft-32931 (17.0.3+7-LTS, mixed mode, tiered, compressed oops, compressed class ptrs, g1 gc, windows-amd64)
GC Precious Log:
 CPUs: 12 total, 12 available
 Memory: 14229M
 Large Page Support: Disabled
 NUMA Support: Disabled
 Compressed Oops: Enabled (Zero based)
 Heap Region Size: 2M
 Heap Min Capacity: 256M
 Heap Initial Capacity: 256M
 Heap Max Capacity: 4G
 Pre-touch: Disabled
 Parallel Workers: 10
 Concurrent Workers: 3
 Concurrent Refinement Workers: 10
 Periodic GC: Disabled
Heap:
 garbage-first heap   total 573440K, used 379387K [0x0000000700000000, 0x0000000800000000)
  region size 2048K, 109 young (223232K), 17 survivors (34816K)
 Metaspace       used 85050K, committed 86144K, reserved 1130496K
  class space    used 11487K, committed 11968K, reserved 1048576K
GC Heap History (20 events):
Event: 3.561 GC heap before
{Heap before GC invocations=13 (full 0):
 garbage-first heap   total 301056K, used 236969K [0x0000000700000000, 0x0000000800000000)
  region size 2048K, 80 young (163840K), 2 survivors (4096K)
 Metaspace       used 37618K, committed 38400K, reserved 1089536K
  class space    used 4360K, committed 4736K, reserved 1048576K
}
Event: 3.564 GC heap after
{Heap after GC invocations=14 (full 0):
 garbage-first heap   total 301056K, used 82328K [0x0000000700000000, 0x0000000800000000)
  region size 2048K, 3 young (6144K), 3 survivors (6144K)
 Metaspace       used 37618K, committed 38400K, reserved 1089536K
  class space    used 4360K, committed 4736K, reserved 1048576K
}
Event: 3.703 GC heap before
{Heap before GC invocations=14 (full 0):
 garbage-first heap   total 301056K, used 244120K [0x0000000700000000, 0x0000000800000000)
  region size 2048K, 82 young (167936K), 3 survivors (6144K)
 Metaspace       used 37859K, committed 38656K, reserved 1089536K
  class space    used 4367K, committed 4736K, reserved 1048576K
}
Event: 3.706 GC heap after
{Heap after GC invocations=15 (full 0):
 garbage-first heap   total 301056K, used 86117K [0x0000000700000000, 0x0000000800000000)
  region size 2048K, 5 young (10240K), 5 survivors (10240K)
 Metaspace       used 37859K, committed 38656K, reserved 1089536K
  class space    used 4367K, committed 4736K, reserved 1048576K
}
Event: 3.838 GC heap before
{Heap before GC invocations=15 (full 0):
 garbage-first heap   total 301056K, used 245861K [0x0000000700000000, 0x0000000800000000)
  region size 2048K, 83 young (169984K), 5 survivors (10240K)
 Metaspace       used 38548K, committed 39360K, reserved 1089536K
  class space    used 4439K, committed 4736K, reserved 1048576K
}
Event: 3.842 GC heap after
{Heap after GC invocations=16 (full 0):
 garbage-first heap   total 301056K, used 89745K [0x0000000700000000, 0x0000000800000000)
  region size 2048K, 7 young (14336K), 7 survivors (14336K)
 Metaspace       used 38548K, committed 39360K, reserved 1089536K
  class space    used 4439K, committed 4736K, reserved 1048576K
}
Event: 4.032 GC heap before
{Heap before GC invocations=16 (full 0):
 garbage-first heap   total 301056K, used 259729K [0x0000000700000000, 0x0000000800000000)
  region size 2048K, 84 young (172032K), 7 survivors (14336K)
 Metaspace       used 41474K, committed 42368K, reserved 1089536K
  class space    used 4810K, committed 5184K, reserved 1048576K
}
Event: 4.036 GC heap after
{Heap after GC invocations=17 (full 0):
 garbage-first heap   total 301056K, used 103951K [0x0000000700000000, 0x0000000800000000)
  region size 2048K, 7 young (14336K), 7 survivors (14336K)
 Metaspace       used 41474K, committed 42368K, reserved 1089536K
  class space    used 4810K, committed 5184K, reserved 1048576K
}
Event: 4.228 GC heap before
{Heap before GC invocations=17 (full 0):
 garbage-first heap   total 301056K, used 251407K [0x0000000700000000, 0x0000000800000000)
  region size 2048K, 79 young (161792K), 7 survivors (14336K)
 Metaspace       used 42945K, committed 43840K, reserved 1089536K
  class space    used 5036K, committed 5440K, reserved 1048576K
}
Event: 4.234 GC heap after
{Heap after GC invocations=18 (full 0):
 garbage-first heap   total 628736K, used 107077K [0x0000000700000000, 0x0000000800000000)
  region size 2048K, 7 young (14336K), 7 survivors (14336K)
 Metaspace       used 42945K, committed 43840K, reserved 1089536K
  class space    used 5036K, committed 5440K, reserved 1048576K
}
Event: 4.718 GC heap before
{Heap before GC invocations=18 (full 0):
 garbage-first heap   total 628736K, used 469573K [0x0000000700000000, 0x0000000800000000)
  region size 2048K, 184 young (376832K), 7 survivors (14336K)
 Metaspace       used 44232K, committed 45120K, reserved 1089536K
  class space    used 5164K, committed 5568K, reserved 1048576K
}
Event: 4.723 GC heap after
{Heap after GC invocations=19 (full 0):
 garbage-first heap   total 628736K, used 111848K [0x0000000700000000, 0x0000000800000000)
  region size 2048K, 9 young (18432K), 9 survivors (18432K)
 Metaspace       used 44232K, committed 45120K, reserved 1089536K
  class space    used 5164K, committed 5568K, reserved 1048576K
}
Event: 4.992 GC heap before
{Heap before GC invocations=19 (full 0):
 garbage-first heap   total 628736K, used 470248K [0x0000000700000000, 0x0000000800000000)
  region size 2048K, 184 young (376832K), 9 survivors (18432K)
 Metaspace       used 45232K, committed 46080K, reserved 1097728K
  class space    used 5238K, committed 5632K, reserved 1048576K
}
Event: 4.997 GC heap after
{Heap after GC invocations=20 (full 0):
 garbage-first heap   total 628736K, used 118930K [0x0000000700000000, 0x0000000800000000)
  region size 2048K, 13 young (26624K), 13 survivors (26624K)
 Metaspace       used 45232K, committed 46080K, reserved 1097728K
  class space    used 5238K, committed 5632K, reserved 1048576K
}
Event: 5.713 GC heap before
{Heap before GC invocations=20 (full 0):
 garbage-first heap   total 628736K, used 469138K [0x0000000700000000, 0x0000000800000000)
  region size 2048K, 184 young (376832K), 13 survivors (26624K)
 Metaspace       used 53382K, committed 54336K, reserved 1097728K
  class space    used 6492K, committed 6912K, reserved 1048576K
}
Event: 5.724 GC heap after
{Heap after GC invocations=21 (full 0):
 garbage-first heap   total 628736K, used 131954K [0x0000000700000000, 0x0000000800000000)
  region size 2048K, 17 young (34816K), 17 survivors (34816K)
 Metaspace       used 53382K, committed 54336K, reserved 1097728K
  class space    used 6492K, committed 6912K, reserved 1048576K
}
Event: 6.379 GC heap before
{Heap before GC invocations=21 (full 0):
 garbage-first heap   total 628736K, used 467826K [0x0000000700000000, 0x0000000800000000)
  region size 2048K, 182 young (372736K), 17 survivors (34816K)
 Metaspace       used 59419K, committed 60416K, reserved 1105920K
  class space    used 7350K, committed 7808K, reserved 1048576K
}
Event: 6.397 GC heap after
{Heap after GC invocations=22 (full 0):
 garbage-first heap   total 628736K, used 158749K [0x0000000700000000, 0x0000000800000000)
  region size 2048K, 23 young (47104K), 23 survivors (47104K)
 Metaspace       used 59419K, committed 60416K, reserved 1105920K
  class space    used 7350K, committed 7808K, reserved 1048576K
}
Event: 7.530 GC heap before
{Heap before GC invocations=23 (full 0):
 garbage-first heap   total 573440K, used 455709K [0x0000000700000000, 0x0000000800000000)
  region size 2048K, 168 young (344064K), 23 survivors (47104K)
 Metaspace       used 71921K, committed 73024K, reserved 1114112K
  class space    used 9725K, committed 10176K, reserved 1048576K
}
Event: 7.549 GC heap after
{Heap after GC invocations=24 (full 0):
 garbage-first heap   total 573440K, used 193019K [0x0000000700000000, 0x0000000800000000)
  region size 2048K, 17 young (34816K), 17 survivors (34816K)
 Metaspace       used 71921K, committed 73024K, reserved 1114112K
  class space    used 9725K, committed 10176K, reserved 1048576K
}

